<?xml version="1.0" encoding="UTF-8"?>
<testng-results skipped="0" failed="0" ignored="0" total="1" passed="1">
  <reporter-output>
  </reporter-output>
  <suite name="HybrideSuite" duration-ms="30975" started-at="2021-02-14T19:41:36 IST" finished-at="2021-02-14T19:42:07 IST">
    <groups>
    </groups>
    <test name="HybideSuite" duration-ms="30975" started-at="2021-02-14T19:41:36 IST" finished-at="2021-02-14T19:42:07 IST">
      <class name="com.qa.linkedin.Testcases.SearchDataDrivenTest">
        <test-method status="PASS" signature="setup()[pri:0, instance:com.qa.linkedin.Testcases.SearchDataDrivenTest@7a36aefa]" name="setup" is-config="true" duration-ms="6707" started-at="2021-02-14T19:41:30 IST" finished-at="2021-02-14T19:41:36 IST">
          <reporter-output>
          </reporter-output>
        </test-method> <!-- setup -->
        <test-method status="PASS" signature="beforeClass()[pri:0, instance:com.qa.linkedin.Testcases.SearchDataDrivenTest@7a36aefa]" name="beforeClass" is-config="true" duration-ms="19332" started-at="2021-02-14T19:41:36 IST" finished-at="2021-02-14T19:41:56 IST">
          <reporter-output>
          </reporter-output>
        </test-method> <!-- beforeClass -->
        <test-method status="PASS" signature="searchDataDrivenTest(java.lang.String)[pri:0, instance:com.qa.linkedin.Testcases.SearchDataDrivenTest@7a36aefa]" name="searchDataDrivenTest" duration-ms="9759" started-at="2021-02-14T19:41:57 IST" data-provider="getData" finished-at="2021-02-14T19:42:06 IST">
          <params>
            <param index="0">
              <value>
                <![CDATA[rakesh]]>
              </value>
            </param>
          </params>
          <reporter-output>
          </reporter-output>
        </test-method> <!-- searchDataDrivenTest -->
        <test-method status="PASS" signature="afterClass()[pri:0, instance:com.qa.linkedin.Testcases.SearchDataDrivenTest@7a36aefa]" name="afterClass" is-config="true" duration-ms="913" started-at="2021-02-14T19:42:06 IST" finished-at="2021-02-14T19:42:07 IST">
          <reporter-output>
          </reporter-output>
        </test-method> <!-- afterClass -->
        <test-method status="PASS" signature="tearDown()[pri:0, instance:com.qa.linkedin.Testcases.SearchDataDrivenTest@7a36aefa]" name="tearDown" is-config="true" duration-ms="887" started-at="2021-02-14T19:42:08 IST" finished-at="2021-02-14T19:42:09 IST">
          <reporter-output>
          </reporter-output>
        </test-method> <!-- tearDown -->
      </class> <!-- com.qa.linkedin.Testcases.SearchDataDrivenTest -->
    </test> <!-- HybideSuite -->
  </suite> <!-- HybrideSuite -->
</testng-results>
